INFO: Running with entropic power schedule (0xFF, 100).
INFO: Seed: 1305344681
INFO: Loaded 1 modules   (61 inline 8-bit counters): 61 [0x731ce8, 0x731d25), 
INFO: Loaded 1 PC tables (61 PCs): 61 [0x4f67b0,0x4f6b80), 
MERGE-OUTER: 2 files, 0 in the initial corpus, 0 processed earlier
MERGE-OUTER: attempt 1
INFO: Running with entropic power schedule (0xFF, 100).
INFO: Seed: 1305356304
INFO: Loaded 1 modules   (61 inline 8-bit counters): 61 [0x731ce8, 0x731d25), 
INFO: Loaded 1 PC tables (61 PCs): 61 [0x4f67b0,0x4f6b80), 
INFO: -max_len is not provided; libFuzzer will not generate inputs larger than 1048576 bytes
MERGE-INNER: using the control file '/tmp/libFuzzerTemp.Merge40.txt'
MERGE-INNER: 2 total files; 0 processed earlier; will process 2 files now
#1	pulse  cov: 8 ft: 9 exec/s: 0 rss: 28Mb
#2	pulse  cov: 9 ft: 10 exec/s: 0 rss: 28Mb
#2	DONE   cov: 9 ft: 10 exec/s: 0 rss: 28Mb
MERGE-OUTER: succesfull in 1 attempt(s)
MERGE-OUTER: the control file has 271 bytes
MERGE-OUTER: consumed 0Mb (28Mb rss) to parse the control file
MERGE-OUTER: 2 new files with 10 new features added; 9 new coverage edges
